2025-03=14 23:08:18:WARNING:The chromedriver version (133.0.6943.126) detected in PATH at C:\Bin\chromedriver.exe might not be compatible with the detected chrome version (134.0.6998.89); currently, chromedriver 134.0.6998.88 is recommended for chrome 134.*, so it is advised to delete the driver in PATH and retry
2025-03=14 23:08:20:INFO:**************test_valid_title
2025-03=17 15:02:34:WARNING:The chromedriver version (133.0.6943.126) detected in PATH at C:\Bin\chromedriver.exe might not be compatible with the detected chrome version (134.0.6998.89); currently, chromedriver 134.0.6998.88 is recommended for chrome 134.*, so it is advised to delete the driver in PATH and retry
2025-03=17 15:02:35:INFO:***test_valid_title***
2025-03=17 15:02:55:WARNING:The chromedriver version (133.0.6943.126) detected in PATH at C:\Bin\chromedriver.exe might not be compatible with the detected chrome version (134.0.6998.89); currently, chromedriver 134.0.6998.88 is recommended for chrome 134.*, so it is advised to delete the driver in PATH and retry
2025-03=17 15:02:57:INFO:***test_valid_title***
2025-03=17 15:03:33:WARNING:The chromedriver version (133.0.6943.126) detected in PATH at C:\Bin\chromedriver.exe might not be compatible with the detected chrome version (134.0.6998.89); currently, chromedriver 134.0.6998.88 is recommended for chrome 134.*, so it is advised to delete the driver in PATH and retry
2025-03=17 15:03:34:INFO:***test_valid_title***
2025-03=17 15:03:51:WARNING:The chromedriver version (133.0.6943.126) detected in PATH at C:\Bin\chromedriver.exe might not be compatible with the detected chrome version (134.0.6998.89); currently, chromedriver 134.0.6998.88 is recommended for chrome 134.*, so it is advised to delete the driver in PATH and retry
2025-03=17 15:03:52:INFO:***test_valid_title***
2025-03=17 15:21:01:WARNING:The chromedriver version (133.0.6943.126) detected in PATH at C:\Bin\chromedriver.exe might not be compatible with the detected chrome version (134.0.6998.89); currently, chromedriver 134.0.6998.88 is recommended for chrome 134.*, so it is advised to delete the driver in PATH and retry
2025-03=17 15:24:14:WARNING:The chromedriver version (133.0.6943.126) detected in PATH at C:\Bin\chromedriver.exe might not be compatible with the detected chrome version (134.0.6998.89); currently, chromedriver 134.0.6998.88 is recommended for chrome 134.*, so it is advised to delete the driver in PATH and retry
2025-03=17 15:36:43:WARNING:The chromedriver version (133.0.6943.126) detected in PATH at C:\Bin\chromedriver.exe might not be compatible with the detected chrome version (134.0.6998.89); currently, chromedriver 134.0.6998.88 is recommended for chrome 134.*, so it is advised to delete the driver in PATH and retry
2025-03=17 15:38:58:WARNING:The chromedriver version (133.0.6943.126) detected in PATH at C:\Bin\chromedriver.exe might not be compatible with the detected chrome version (134.0.6998.89); currently, chromedriver 134.0.6998.88 is recommended for chrome 134.*, so it is advised to delete the driver in PATH and retry
2025-03=17 15:41:43:WARNING:The chromedriver version (133.0.6943.126) detected in PATH at C:\Bin\chromedriver.exe might not be compatible with the detected chrome version (134.0.6998.89); currently, chromedriver 134.0.6998.88 is recommended for chrome 134.*, so it is advised to delete the driver in PATH and retry
2025-03=17 15:42:42:WARNING:The chromedriver version (133.0.6943.126) detected in PATH at C:\Bin\chromedriver.exe might not be compatible with the detected chrome version (134.0.6998.89); currently, chromedriver 134.0.6998.88 is recommended for chrome 134.*, so it is advised to delete the driver in PATH and retry
2025-03=17 15:50:35:WARNING:The chromedriver version (133.0.6943.126) detected in PATH at C:\Bin\chromedriver.exe might not be compatible with the detected chrome version (134.0.6998.89); currently, chromedriver 134.0.6998.88 is recommended for chrome 134.*, so it is advised to delete the driver in PATH and retry
2025-03=17 15:52:20:WARNING:The chromedriver version (133.0.6943.126) detected in PATH at C:\Bin\chromedriver.exe might not be compatible with the detected chrome version (134.0.6998.89); currently, chromedriver 134.0.6998.88 is recommended for chrome 134.*, so it is advised to delete the driver in PATH and retry
2025-03=17 16:07:11:WARNING:The chromedriver version (133.0.6943.126) detected in PATH at C:\Bin\chromedriver.exe might not be compatible with the detected chrome version (134.0.6998.89); currently, chromedriver 134.0.6998.88 is recommended for chrome 134.*, so it is advised to delete the driver in PATH and retry
2025-03=17 16:10:16:WARNING:The chromedriver version (133.0.6943.126) detected in PATH at C:\Bin\chromedriver.exe might not be compatible with the detected chrome version (134.0.6998.89); currently, chromedriver 134.0.6998.88 is recommended for chrome 134.*, so it is advised to delete the driver in PATH and retry
2025-03=17 18:09:49:WARNING:The chromedriver version (133.0.6943.126) detected in PATH at C:\Bin\chromedriver.exe might not be compatible with the detected chrome version (134.0.6998.89); currently, chromedriver 134.0.6998.88 is recommended for chrome 134.*, so it is advised to delete the driver in PATH and retry
2025-03=17 18:09:51:INFO:***test_valid_title***
2025-03=17 18:10:20:WARNING:The chromedriver version (133.0.6943.126) detected in PATH at C:\Bin\chromedriver.exe might not be compatible with the detected chrome version (134.0.6998.89); currently, chromedriver 134.0.6998.88 is recommended for chrome 134.*, so it is advised to delete the driver in PATH and retry
2025-03=17 18:10:21:INFO:***test_valid_title***
2025-03=17 18:10:44:WARNING:The chromedriver version (133.0.6943.126) detected in PATH at C:\Bin\chromedriver.exe might not be compatible with the detected chrome version (134.0.6998.89); currently, chromedriver 134.0.6998.88 is recommended for chrome 134.*, so it is advised to delete the driver in PATH and retry
2025-03=17 18:10:46:INFO:***test_valid_title***
2025-03=17 18:10:58:WARNING:The chromedriver version (133.0.6943.126) detected in PATH at C:\Bin\chromedriver.exe might not be compatible with the detected chrome version (134.0.6998.89); currently, chromedriver 134.0.6998.88 is recommended for chrome 134.*, so it is advised to delete the driver in PATH and retry
2025-03=17 18:12:54:WARNING:The chromedriver version (133.0.6943.126) detected in PATH at C:\Bin\chromedriver.exe might not be compatible with the detected chrome version (134.0.6998.89); currently, chromedriver 134.0.6998.88 is recommended for chrome 134.*, so it is advised to delete the driver in PATH and retry
2025-03=17 18:12:56:INFO:***test_valid_title***
2025-03=17 18:14:22:WARNING:The chromedriver version (133.0.6943.126) detected in PATH at C:\Bin\chromedriver.exe might not be compatible with the detected chrome version (134.0.6998.89); currently, chromedriver 134.0.6998.88 is recommended for chrome 134.*, so it is advised to delete the driver in PATH and retry
2025-03=17 18:14:23:INFO:***test_valid_title***
2025-03=18 13:49:09:WARNING:The chromedriver version (133.0.6943.126) detected in PATH at C:\Bin\chromedriver.exe might not be compatible with the detected chrome version (134.0.6998.89); currently, chromedriver 134.0.6998.88 is recommended for chrome 134.*, so it is advised to delete the driver in PATH and retry
2025-03=18 13:49:13:ERROR:Error terminating service process.
Traceback (most recent call last):
  File "C:\Users\User\AppData\Local\Programs\Python\Python312\Lib\site-packages\selenium\webdriver\common\service.py", line 181, in _terminate_process
    self.process.terminate()
  File "C:\Users\User\AppData\Local\Programs\Python\Python312\Lib\subprocess.py", line 1673, in terminate
    _winapi.TerminateProcess(self._handle, 1)
OSError: [WinError 6] Nieprawid³owe dojœcie
2025-03=18 13:49:20:WARNING:The chromedriver version (133.0.6943.126) detected in PATH at C:\Bin\chromedriver.exe might not be compatible with the detected chrome version (134.0.6998.89); currently, chromedriver 134.0.6998.88 is recommended for chrome 134.*, so it is advised to delete the driver in PATH and retry
2025-03=18 13:50:44:WARNING:The chromedriver version (133.0.6943.126) detected in PATH at C:\Bin\chromedriver.exe might not be compatible with the detected chrome version (134.0.6998.89); currently, chromedriver 134.0.6998.88 is recommended for chrome 134.*, so it is advised to delete the driver in PATH and retry
2025-03=18 13:59:56:WARNING:The chromedriver version (133.0.6943.126) detected in PATH at C:\Bin\chromedriver.exe might not be compatible with the detected chrome version (134.0.6998.89); currently, chromedriver 134.0.6998.88 is recommended for chrome 134.*, so it is advised to delete the driver in PATH and retry
2025-03=18 14:03:52:WARNING:The chromedriver version (133.0.6943.126) detected in PATH at C:\Bin\chromedriver.exe might not be compatible with the detected chrome version (134.0.6998.89); currently, chromedriver 134.0.6998.88 is recommended for chrome 134.*, so it is advised to delete the driver in PATH and retry
2025-03=18 14:08:23:WARNING:The chromedriver version (133.0.6943.126) detected in PATH at C:\Bin\chromedriver.exe might not be compatible with the detected chrome version (134.0.6998.89); currently, chromedriver 134.0.6998.88 is recommended for chrome 134.*, so it is advised to delete the driver in PATH and retry
2025-03=18 14:10:18:WARNING:The chromedriver version (133.0.6943.126) detected in PATH at C:\Bin\chromedriver.exe might not be compatible with the detected chrome version (134.0.6998.89); currently, chromedriver 134.0.6998.88 is recommended for chrome 134.*, so it is advised to delete the driver in PATH and retry
2025-03=18 14:12:52:WARNING:The chromedriver version (133.0.6943.126) detected in PATH at C:\Bin\chromedriver.exe might not be compatible with the detected chrome version (134.0.6998.89); currently, chromedriver 134.0.6998.88 is recommended for chrome 134.*, so it is advised to delete the driver in PATH and retry
2025-03=18 14:14:34:WARNING:The chromedriver version (133.0.6943.126) detected in PATH at C:\Bin\chromedriver.exe might not be compatible with the detected chrome version (134.0.6998.89); currently, chromedriver 134.0.6998.88 is recommended for chrome 134.*, so it is advised to delete the driver in PATH and retry
2025-03=18 14:17:04:WARNING:The chromedriver version (133.0.6943.126) detected in PATH at C:\Bin\chromedriver.exe might not be compatible with the detected chrome version (134.0.6998.89); currently, chromedriver 134.0.6998.88 is recommended for chrome 134.*, so it is advised to delete the driver in PATH and retry
2025-03=18 14:20:35:WARNING:The chromedriver version (133.0.6943.126) detected in PATH at C:\Bin\chromedriver.exe might not be compatible with the detected chrome version (134.0.6998.89); currently, chromedriver 134.0.6998.88 is recommended for chrome 134.*, so it is advised to delete the driver in PATH and retry
2025-03=18 14:21:54:WARNING:The chromedriver version (133.0.6943.126) detected in PATH at C:\Bin\chromedriver.exe might not be compatible with the detected chrome version (134.0.6998.89); currently, chromedriver 134.0.6998.88 is recommended for chrome 134.*, so it is advised to delete the driver in PATH and retry
2025-03=18 14:21:55:INFO:***test_valid_title***
2025-03=18 14:21:59:WARNING:The chromedriver version (133.0.6943.126) detected in PATH at C:\Bin\chromedriver.exe might not be compatible with the detected chrome version (134.0.6998.89); currently, chromedriver 134.0.6998.88 is recommended for chrome 134.*, so it is advised to delete the driver in PATH and retry
2025-03=18 14:22:03:WARNING:The chromedriver version (133.0.6943.126) detected in PATH at C:\Bin\chromedriver.exe might not be compatible with the detected chrome version (134.0.6998.89); currently, chromedriver 134.0.6998.88 is recommended for chrome 134.*, so it is advised to delete the driver in PATH and retry
2025-03=18 14:22:08:WARNING:The chromedriver version (133.0.6943.126) detected in PATH at C:\Bin\chromedriver.exe might not be compatible with the detected chrome version (134.0.6998.89); currently, chromedriver 134.0.6998.88 is recommended for chrome 134.*, so it is advised to delete the driver in PATH and retry
2025-03=18 14:22:12:WARNING:The chromedriver version (133.0.6943.126) detected in PATH at C:\Bin\chromedriver.exe might not be compatible with the detected chrome version (134.0.6998.89); currently, chromedriver 134.0.6998.88 is recommended for chrome 134.*, so it is advised to delete the driver in PATH and retry
2025-03=18 15:22:20:WARNING:The chromedriver version (133.0.6943.126) detected in PATH at C:\Bin\chromedriver.exe might not be compatible with the detected chrome version (134.0.6998.89); currently, chromedriver 134.0.6998.88 is recommended for chrome 134.*, so it is advised to delete the driver in PATH and retry
2025-03=18 15:22:22:INFO:***test_valid_title***
2025-03=18 15:22:24:WARNING:The chromedriver version (133.0.6943.126) detected in PATH at C:\Bin\chromedriver.exe might not be compatible with the detected chrome version (134.0.6998.89); currently, chromedriver 134.0.6998.88 is recommended for chrome 134.*, so it is advised to delete the driver in PATH and retry
2025-03=18 15:22:28:WARNING:The chromedriver version (133.0.6943.126) detected in PATH at C:\Bin\chromedriver.exe might not be compatible with the detected chrome version (134.0.6998.89); currently, chromedriver 134.0.6998.88 is recommended for chrome 134.*, so it is advised to delete the driver in PATH and retry
2025-03=18 15:22:31:WARNING:The chromedriver version (133.0.6943.126) detected in PATH at C:\Bin\chromedriver.exe might not be compatible with the detected chrome version (134.0.6998.89); currently, chromedriver 134.0.6998.88 is recommended for chrome 134.*, so it is advised to delete the driver in PATH and retry
2025-03=18 15:22:34:WARNING:The chromedriver version (133.0.6943.126) detected in PATH at C:\Bin\chromedriver.exe might not be compatible with the detected chrome version (134.0.6998.89); currently, chromedriver 134.0.6998.88 is recommended for chrome 134.*, so it is advised to delete the driver in PATH and retry
2025-03=18 15:23:30:WARNING:The chromedriver version (133.0.6943.126) detected in PATH at C:\Bin\chromedriver.exe might not be compatible with the detected chrome version (134.0.6998.89); currently, chromedriver 134.0.6998.88 is recommended for chrome 134.*, so it is advised to delete the driver in PATH and retry
2025-03=18 15:23:44:WARNING:The chromedriver version (133.0.6943.126) detected in PATH at C:\Bin\chromedriver.exe might not be compatible with the detected chrome version (134.0.6998.89); currently, chromedriver 134.0.6998.88 is recommended for chrome 134.*, so it is advised to delete the driver in PATH and retry
2025-03=18 15:23:45:INFO:***test_valid_title***
2025-03=18 15:23:48:WARNING:The chromedriver version (133.0.6943.126) detected in PATH at C:\Bin\chromedriver.exe might not be compatible with the detected chrome version (134.0.6998.89); currently, chromedriver 134.0.6998.88 is recommended for chrome 134.*, so it is advised to delete the driver in PATH and retry
2025-03=18 15:23:52:WARNING:The chromedriver version (133.0.6943.126) detected in PATH at C:\Bin\chromedriver.exe might not be compatible with the detected chrome version (134.0.6998.89); currently, chromedriver 134.0.6998.88 is recommended for chrome 134.*, so it is advised to delete the driver in PATH and retry
2025-03=18 15:23:57:WARNING:The chromedriver version (133.0.6943.126) detected in PATH at C:\Bin\chromedriver.exe might not be compatible with the detected chrome version (134.0.6998.89); currently, chromedriver 134.0.6998.88 is recommended for chrome 134.*, so it is advised to delete the driver in PATH and retry
2025-03=18 15:24:01:WARNING:The chromedriver version (133.0.6943.126) detected in PATH at C:\Bin\chromedriver.exe might not be compatible with the detected chrome version (134.0.6998.89); currently, chromedriver 134.0.6998.88 is recommended for chrome 134.*, so it is advised to delete the driver in PATH and retry
2025-03=18 15:24:39:WARNING:The chromedriver version (133.0.6943.126) detected in PATH at C:\Bin\chromedriver.exe might not be compatible with the detected chrome version (134.0.6998.89); currently, chromedriver 134.0.6998.88 is recommended for chrome 134.*, so it is advised to delete the driver in PATH and retry
2025-03=18 15:24:40:INFO:***test_valid_title***
2025-03=18 15:24:42:WARNING:The chromedriver version (133.0.6943.126) detected in PATH at C:\Bin\chromedriver.exe might not be compatible with the detected chrome version (134.0.6998.89); currently, chromedriver 134.0.6998.88 is recommended for chrome 134.*, so it is advised to delete the driver in PATH and retry
2025-03=18 15:24:48:WARNING:The chromedriver version (133.0.6943.126) detected in PATH at C:\Bin\chromedriver.exe might not be compatible with the detected chrome version (134.0.6998.89); currently, chromedriver 134.0.6998.88 is recommended for chrome 134.*, so it is advised to delete the driver in PATH and retry
2025-03=18 15:24:52:WARNING:The chromedriver version (133.0.6943.126) detected in PATH at C:\Bin\chromedriver.exe might not be compatible with the detected chrome version (134.0.6998.89); currently, chromedriver 134.0.6998.88 is recommended for chrome 134.*, so it is advised to delete the driver in PATH and retry
2025-03=18 15:24:56:WARNING:The chromedriver version (133.0.6943.126) detected in PATH at C:\Bin\chromedriver.exe might not be compatible with the detected chrome version (134.0.6998.89); currently, chromedriver 134.0.6998.88 is recommended for chrome 134.*, so it is advised to delete the driver in PATH and retry
2025-03=18 15:29:51:WARNING:The chromedriver version (133.0.6943.126) detected in PATH at C:\Bin\chromedriver.exe might not be compatible with the detected chrome version (134.0.6998.89); currently, chromedriver 134.0.6998.88 is recommended for chrome 134.*, so it is advised to delete the driver in PATH and retry
